# JRE version: Java(TM) SE Runtime Environment (8.0_162-b12) (build 1.8.0_162-b12)
# Java VM: Java HotSpot(TM) 64-Bit Server VM (25.162-b12 mixed mode windows-amd64 compressed oops)
Heap:
 PSYoungGen      total 174080K, used 47188K [0x00000000eb300000, 0x00000000f7680000, 0x0000000100000000)
  eden space 149504K, 31% used [0x00000000eb300000,0x00000000ee0992a0,0x00000000f4500000)
  from space 24576K, 2% used [0x00000000f5d80000,0x00000000f5dfc030,0x00000000f7580000)
  to   space 25088K, 0% used [0x00000000f4500000,0x00000000f4500000,0x00000000f5d80000)
 ParOldGen       total 184320K, used 100036K [0x00000000c1800000, 0x00000000ccc00000, 0x00000000eb300000)
  object space 184320K, 54% used [0x00000000c1800000,0x00000000c79b1348,0x00000000ccc00000)
 Metaspace       used 60477K, capacity 61723K, committed 62040K, reserved 1103872K
  class space    used 8044K, capacity 8294K, committed 8320K, reserved 1048576K
GC Heap History (10 events):
Event: 6834.358 GC heap before
{Heap before GC invocations=48 (full 4):
 PSYoungGen      total 160768K, used 160721K [0x00000000eb300000, 0x00000000f7680000, 0x0000000100000000)
  eden space 148480K, 100% used [0x00000000eb300000,0x00000000f4400000,0x00000000f4400000)
  from space 12288K, 99% used [0x00000000f4400000,0x00000000f4ff44f8,0x00000000f5000000)
  to   space 25600K, 0% used [0x00000000f5d80000,0x00000000f5d80000,0x00000000f7680000)
 ParOldGen       total 184320K, used 91199K [0x00000000c1800000, 0x00000000ccc00000, 0x00000000eb300000)
  object space 184320K, 49% used [0x00000000c1800000,0x00000000c710fde0,0x00000000ccc00000)
 Metaspace       used 60427K, capacity 61691K, committed 62040K, reserved 1103872K
  class space    used 8026K, capacity 8262K, committed 8320K, reserved 1048576K
Event: 6834.365 GC heap after
Heap after GC invocations=48 (full 4):
 PSYoungGen      total 174592K, used 6075K [0x00000000eb300000, 0x00000000f7680000, 0x0000000100000000)
  eden space 148992K, 0% used [0x00000000eb300000,0x00000000eb300000,0x00000000f4480000)
  from space 25600K, 23% used [0x00000000f5d80000,0x00000000f636ef98,0x00000000f7680000)
  to   space 25600K, 0% used [0x00000000f4480000,0x00000000f4480000,0x00000000f5d80000)
 ParOldGen       total 184320K, used 91239K [0x00000000c1800000, 0x00000000ccc00000, 0x00000000eb300000)
  object space 184320K, 49% used [0x00000000c1800000,0x00000000c7119de0,0x00000000ccc00000)
 Metaspace       used 60427K, capacity 61691K, committed 62040K, reserved 1103872K
  class space    used 8026K, capacity 8262K, committed 8320K, reserved 1048576K
}
Event: 7075.713 GC heap before
{Heap before GC invocations=49 (full 4):
 PSYoungGen      total 174592K, used 155067K [0x00000000eb300000, 0x00000000f7680000, 0x0000000100000000)
  eden space 148992K, 100% used [0x00000000eb300000,0x00000000f4480000,0x00000000f4480000)
  from space 25600K, 23% used [0x00000000f5d80000,0x00000000f636ef98,0x00000000f7680000)
  to   space 25600K, 0% used [0x00000000f4480000,0x00000000f4480000,0x00000000f5d80000)
 ParOldGen       total 184320K, used 91239K [0x00000000c1800000, 0x00000000ccc00000, 0x00000000eb300000)
  object space 184320K, 49% used [0x00000000c1800000,0x00000000c7119de0,0x00000000ccc00000)
 Metaspace       used 60427K, capacity 61691K, committed 62040K, reserved 1103872K
  class space    used 8026K, capacity 8262K, committed 8320K, reserved 1048576K
Event: 7075.720 GC heap after
Heap after GC invocations=49 (full 4):
 PSYoungGen      total 174592K, used 6059K [0x00000000eb300000, 0x00000000f7700000, 0x0000000100000000)
  eden space 148992K, 0% used [0x00000000eb300000,0x00000000eb300000,0x00000000f4480000)
  from space 25600K, 23% used [0x00000000f4480000,0x00000000f4a6af88,0x00000000f5d80000)
  to   space 25600K, 0% used [0x00000000f5e00000,0x00000000f5e00000,0x00000000f7700000)
 ParOldGen       total 184320K, used 91263K [0x00000000c1800000, 0x00000000ccc00000, 0x00000000eb300000)
  object space 184320K, 49% used [0x00000000c1800000,0x00000000c711fde0,0x00000000ccc00000)
 Metaspace       used 60427K, capacity 61691K, committed 62040K, reserved 1103872K
  class space    used 8026K, capacity 8262K, committed 8320K, reserved 1048576K
}
Event: 7330.054 GC heap before
{Heap before GC invocations=50 (full 4):
 PSYoungGen      total 174592K, used 155051K [0x00000000eb300000, 0x00000000f7700000, 0x0000000100000000)
  eden space 148992K, 100% used [0x00000000eb300000,0x00000000f4480000,0x00000000f4480000)
  from space 25600K, 23% used [0x00000000f4480000,0x00000000f4a6af88,0x00000000f5d80000)
  to   space 25600K, 0% used [0x00000000f5e00000,0x00000000f5e00000,0x00000000f7700000)
 ParOldGen       total 184320K, used 91263K [0x00000000c1800000, 0x00000000ccc00000, 0x00000000eb300000)
  object space 184320K, 49% used [0x00000000c1800000,0x00000000c711fde0,0x00000000ccc00000)
 Metaspace       used 60427K, capacity 61691K, committed 62040K, reserved 1103872K
  class space    used 8026K, capacity 8262K, committed 8320K, reserved 1048576K
Event: 7330.062 GC heap after
Heap after GC invocations=50 (full 4):
 PSYoungGen      total 175104K, used 3979K [0x00000000eb300000, 0x00000000f7700000, 0x0000000100000000)
  eden space 149504K, 0% used [0x00000000eb300000,0x00000000eb300000,0x00000000f4500000)
  from space 25600K, 15% used [0x00000000f5e00000,0x00000000f61e2f88,0x00000000f7700000)
  to   space 25600K, 0% used [0x00000000f4500000,0x00000000f4500000,0x00000000f5e00000)
 ParOldGen       total 184320K, used 93348K [0x00000000c1800000, 0x00000000ccc00000, 0x00000000eb300000)
  object space 184320K, 50% used [0x00000000c1800000,0x00000000c7329360,0x00000000ccc00000)
 Metaspace       used 60427K, capacity 61691K, committed 62040K, reserved 1103872K
  class space    used 8026K, capacity 8262K, committed 8320K, reserved 1048576K
}
Event: 7591.044 GC heap before
{Heap before GC invocations=51 (full 4):
 PSYoungGen      total 175104K, used 153483K [0x00000000eb300000, 0x00000000f7700000, 0x0000000100000000)
  eden space 149504K, 100% used [0x00000000eb300000,0x00000000f4500000,0x00000000f4500000)
  from space 25600K, 15% used [0x00000000f5e00000,0x00000000f61e2f88,0x00000000f7700000)
  to   space 25600K, 0% used [0x00000000f4500000,0x00000000f4500000,0x00000000f5e00000)
 ParOldGen       total 184320K, used 93348K [0x00000000c1800000, 0x00000000ccc00000, 0x00000000eb300000)
  object space 184320K, 50% used [0x00000000c1800000,0x00000000c7329360,0x00000000ccc00000)
 Metaspace       used 60428K, capacity 61691K, committed 62040K, reserved 1103872K
  class space    used 8027K, capacity 8262K, committed 8320K, reserved 1048576K
Event: 7591.060 GC heap after
Heap after GC invocations=51 (full 4):
 PSYoungGen      total 160256K, used 10241K [0x00000000eb300000, 0x00000000f7580000, 0x0000000100000000)
  eden space 149504K, 0% used [0x00000000eb300000,0x00000000eb300000,0x00000000f4500000)
  from space 10752K, 95% used [0x00000000f4500000,0x00000000f4f00508,0x00000000f4f80000)
  to   space 24576K, 0% used [0x00000000f5d80000,0x00000000f5d80000,0x00000000f7580000)
 ParOldGen       total 184320K, used 93364K [0x00000000c1800000, 0x00000000ccc00000, 0x00000000eb300000)
  object space 184320K, 50% used [0x00000000c1800000,0x00000000c732d360,0x00000000ccc00000)
 Metaspace       used 60428K, capacity 61691K, committed 62040K, reserved 1103872K
  class space    used 8027K, capacity 8262K, committed 8320K, reserved 1048576K
}
Event: 7839.804 GC heap before
{Heap before GC invocations=52 (full 4):
 PSYoungGen      total 160256K, used 159745K [0x00000000eb300000, 0x00000000f7580000, 0x0000000100000000)
  eden space 149504K, 100% used [0x00000000eb300000,0x00000000f4500000,0x00000000f4500000)
  from space 10752K, 95% used [0x00000000f4500000,0x00000000f4f00508,0x00000000f4f80000)
  to   space 24576K, 0% used [0x00000000f5d80000,0x00000000f5d80000,0x00000000f7580000)
 ParOldGen       total 184320K, used 93364K [0x00000000c1800000, 0x00000000ccc00000, 0x00000000eb300000)
  object space 184320K, 50% used [0x00000000c1800000,0x00000000c732d360,0x00000000ccc00000)
 Metaspace       used 60429K, capacity 61691K, committed 62040K, reserved 1103872K
  class space    used 8027K, capacity 8262K, committed 8320K, reserved 1048576K
Event: 7839.811 GC heap after
Heap after GC invocations=52 (full 4):
 PSYoungGen      total 174080K, used 496K [0x00000000eb300000, 0x00000000f7680000, 0x0000000100000000)
  eden space 149504K, 0% used [0x00000000eb300000,0x00000000eb300000,0x00000000f4500000)
  from space 24576K, 2% used [0x00000000f5d80000,0x00000000f5dfc030,0x00000000f7580000)
  to   space 25088K, 0% used [0x00000000f4500000,0x00000000f4500000,0x00000000f5d80000)
 ParOldGen       total 184320K, used 100036K [0x00000000c1800000, 0x00000000ccc00000, 0x00000000eb300000)
  object space 184320K, 54% used [0x00000000c1800000,0x00000000c79b1348,0x00000000ccc00000)
 Metaspace       used 60429K, capacity 61691K, committed 62040K, reserved 1103872K
  class space    used 8027K, capacity 8262K, committed 8320K, reserved 1048576K
}

