# JRE version: Java(TM) SE Runtime Environment (8.0_162-b12) (build 1.8.0_162-b12)
# Java VM: Java HotSpot(TM) 64-Bit Server VM (25.162-b12 mixed mode windows-amd64 compressed oops)
Heap:
 PSYoungGen      total 139264K, used 59856K [0x00000000eb300000, 0x00000000f7080000, 0x0000000100000000)
  eden space 110592K, 47% used [0x00000000eb300000,0x00000000ee5dd8f0,0x00000000f1f00000)
  from space 28672K, 27% used [0x00000000f1f00000,0x00000000f2696930,0x00000000f3b00000)
  to   space 28672K, 0% used [0x00000000f5480000,0x00000000f5480000,0x00000000f7080000)
 ParOldGen       total 116736K, used 82357K [0x00000000c1800000, 0x00000000c8a00000, 0x00000000eb300000)
  object space 116736K, 70% used [0x00000000c1800000,0x00000000c686d530,0x00000000c8a00000)
 Metaspace       used 55118K, capacity 56167K, committed 56192K, reserved 1097728K
  class space    used 7548K, capacity 7801K, committed 7808K, reserved 1048576K
GC Heap History (10 events):
Event: 295.121 GC heap before
{Heap before GC invocations=31 (full 2):
 PSYoungGen      total 98816K, used 83608K [0x00000000eb300000, 0x00000000f3780000, 0x0000000100000000)
  eden space 66048K, 99% used [0x00000000eb300000,0x00000000ef378d78,0x00000000ef380000)
  from space 32768K, 53% used [0x00000000f1280000,0x00000000f23ad318,0x00000000f3280000)
  to   space 31744K, 0% used [0x00000000ef380000,0x00000000ef380000,0x00000000f1280000)
 ParOldGen       total 116736K, used 62197K [0x00000000c1800000, 0x00000000c8a00000, 0x00000000eb300000)
  object space 116736K, 53% used [0x00000000c1800000,0x00000000c54bd7c8,0x00000000c8a00000)
 Metaspace       used 52354K, capacity 53259K, committed 53504K, reserved 1095680K
  class space    used 7380K, capacity 7606K, committed 7680K, reserved 1048576K
Event: 295.133 GC heap after
Heap after GC invocations=31 (full 2):
 PSYoungGen      total 97792K, used 17365K [0x00000000eb300000, 0x00000000f4280000, 0x0000000100000000)
  eden space 66048K, 0% used [0x00000000eb300000,0x00000000eb300000,0x00000000ef380000)
  from space 31744K, 54% used [0x00000000ef380000,0x00000000f0475790,0x00000000f1280000)
  to   space 30720K, 0% used [0x00000000f2480000,0x00000000f2480000,0x00000000f4280000)
 ParOldGen       total 116736K, used 62489K [0x00000000c1800000, 0x00000000c8a00000, 0x00000000eb300000)
  object space 116736K, 53% used [0x00000000c1800000,0x00000000c5506478,0x00000000c8a00000)
 Metaspace       used 52354K, capacity 53259K, committed 53504K, reserved 1095680K
  class space    used 7380K, capacity 7606K, committed 7680K, reserved 1048576K
}
Event: 295.150 GC heap before
{Heap before GC invocations=32 (full 2):
 PSYoungGen      total 97792K, used 83248K [0x00000000eb300000, 0x00000000f4280000, 0x0000000100000000)
  eden space 66048K, 99% used [0x00000000eb300000,0x00000000ef356898,0x00000000ef380000)
  from space 31744K, 54% used [0x00000000ef380000,0x00000000f0475790,0x00000000f1280000)
  to   space 30720K, 0% used [0x00000000f2480000,0x00000000f2480000,0x00000000f4280000)
 ParOldGen       total 116736K, used 62489K [0x00000000c1800000, 0x00000000c8a00000, 0x00000000eb300000)
  object space 116736K, 53% used [0x00000000c1800000,0x00000000c5506478,0x00000000c8a00000)
 Metaspace       used 52355K, capacity 53259K, committed 53504K, reserved 1095680K
  class space    used 7380K, capacity 7606K, committed 7680K, reserved 1048576K
Event: 295.164 GC heap after
Heap after GC invocations=32 (full 2):
 PSYoungGen      total 116224K, used 18673K [0x00000000eb300000, 0x00000000f4300000, 0x0000000100000000)
  eden space 85504K, 0% used [0x00000000eb300000,0x00000000eb300000,0x00000000f0680000)
  from space 30720K, 60% used [0x00000000f2480000,0x00000000f36bc5e8,0x00000000f4280000)
  to   space 30720K, 0% used [0x00000000f0680000,0x00000000f0680000,0x00000000f2480000)
 ParOldGen       total 116736K, used 67731K [0x00000000c1800000, 0x00000000c8a00000, 0x00000000eb300000)
  object space 116736K, 58% used [0x00000000c1800000,0x00000000c5a24c18,0x00000000c8a00000)
 Metaspace       used 52355K, capacity 53259K, committed 53504K, reserved 1095680K
  class space    used 7380K, capacity 7606K, committed 7680K, reserved 1048576K
}
Event: 314.700 GC heap before
{Heap before GC invocations=33 (full 2):
 PSYoungGen      total 116224K, used 104177K [0x00000000eb300000, 0x00000000f4300000, 0x0000000100000000)
  eden space 85504K, 100% used [0x00000000eb300000,0x00000000f0680000,0x00000000f0680000)
  from space 30720K, 60% used [0x00000000f2480000,0x00000000f36bc5e8,0x00000000f4280000)
  to   space 30720K, 0% used [0x00000000f0680000,0x00000000f0680000,0x00000000f2480000)
 ParOldGen       total 116736K, used 67731K [0x00000000c1800000, 0x00000000c8a00000, 0x00000000eb300000)
  object space 116736K, 58% used [0x00000000c1800000,0x00000000c5a24c18,0x00000000c8a00000)
 Metaspace       used 53966K, capacity 54999K, committed 55168K, reserved 1097728K
  class space    used 7545K, capacity 7801K, committed 7808K, reserved 1048576K
Event: 314.713 GC heap after
Heap after GC invocations=33 (full 2):
 PSYoungGen      total 116224K, used 16745K [0x00000000eb300000, 0x00000000f5980000, 0x0000000100000000)
  eden space 85504K, 0% used [0x00000000eb300000,0x00000000eb300000,0x00000000f0680000)
  from space 30720K, 54% used [0x00000000f0680000,0x00000000f16da438,0x00000000f2480000)
  to   space 29696K, 0% used [0x00000000f3c80000,0x00000000f3c80000,0x00000000f5980000)
 ParOldGen       total 116736K, used 70552K [0x00000000c1800000, 0x00000000c8a00000, 0x00000000eb300000)
  object space 116736K, 60% used [0x00000000c1800000,0x00000000c5ce6058,0x00000000c8a00000)
 Metaspace       used 53966K, capacity 54999K, committed 55168K, reserved 1097728K
  class space    used 7545K, capacity 7801K, committed 7808K, reserved 1048576K
}
Event: 484.271 GC heap before
{Heap before GC invocations=34 (full 2):
 PSYoungGen      total 116224K, used 102249K [0x00000000eb300000, 0x00000000f5980000, 0x0000000100000000)
  eden space 85504K, 100% used [0x00000000eb300000,0x00000000f0680000,0x00000000f0680000)
  from space 30720K, 54% used [0x00000000f0680000,0x00000000f16da438,0x00000000f2480000)
  to   space 29696K, 0% used [0x00000000f3c80000,0x00000000f3c80000,0x00000000f5980000)
 ParOldGen       total 116736K, used 70552K [0x00000000c1800000, 0x00000000c8a00000, 0x00000000eb300000)
  object space 116736K, 60% used [0x00000000c1800000,0x00000000c5ce6058,0x00000000c8a00000)
 Metaspace       used 54623K, capacity 55647K, committed 55680K, reserved 1097728K
  class space    used 7547K, capacity 7801K, committed 7808K, reserved 1048576K
Event: 484.299 GC heap after
Heap after GC invocations=34 (full 2):
 PSYoungGen      total 137728K, used 13234K [0x00000000eb300000, 0x00000000f5700000, 0x0000000100000000)
  eden space 110592K, 0% used [0x00000000eb300000,0x00000000eb300000,0x00000000f1f00000)
  from space 27136K, 48% used [0x00000000f3c80000,0x00000000f496c940,0x00000000f5700000)
  to   space 28672K, 0% used [0x00000000f1f00000,0x00000000f1f00000,0x00000000f3b00000)
 ParOldGen       total 116736K, used 82357K [0x00000000c1800000, 0x00000000c8a00000, 0x00000000eb300000)
  object space 116736K, 70% used [0x00000000c1800000,0x00000000c686d530,0x00000000c8a00000)
 Metaspace       used 54623K, capacity 55647K, committed 55680K, reserved 1097728K
  class space    used 7547K, capacity 7801K, committed 7808K, reserved 1048576K
}
Event: 703.464 GC heap before
{Heap before GC invocations=35 (full 2):
 PSYoungGen      total 137728K, used 123826K [0x00000000eb300000, 0x00000000f5700000, 0x0000000100000000)
  eden space 110592K, 100% used [0x00000000eb300000,0x00000000f1f00000,0x00000000f1f00000)
  from space 27136K, 48% used [0x00000000f3c80000,0x00000000f496c940,0x00000000f5700000)
  to   space 28672K, 0% used [0x00000000f1f00000,0x00000000f1f00000,0x00000000f3b00000)
 ParOldGen       total 116736K, used 82357K [0x00000000c1800000, 0x00000000c8a00000, 0x00000000eb300000)
  object space 116736K, 70% used [0x00000000c1800000,0x00000000c686d530,0x00000000c8a00000)
 Metaspace       used 54925K, capacity 55971K, committed 56192K, reserved 1097728K
  class space    used 7547K, capacity 7801K, committed 7808K, reserved 1048576K
Event: 703.470 GC heap after
Heap after GC invocations=35 (full 2):
 PSYoungGen      total 139264K, used 7770K [0x00000000eb300000, 0x00000000f7080000, 0x0000000100000000)
  eden space 110592K, 0% used [0x00000000eb300000,0x00000000eb300000,0x00000000f1f00000)
  from space 28672K, 27% used [0x00000000f1f00000,0x00000000f2696930,0x00000000f3b00000)
  to   space 28672K, 0% used [0x00000000f5480000,0x00000000f5480000,0x00000000f7080000)
 ParOldGen       total 116736K, used 82357K [0x00000000c1800000, 0x00000000c8a00000, 0x00000000eb300000)
  object space 116736K, 70% used [0x00000000c1800000,0x00000000c686d530,0x00000000c8a00000)
 Metaspace       used 54925K, capacity 55971K, committed 56192K, reserved 1097728K
  class space    used 7547K, capacity 7801K, committed 7808K, reserved 1048576K
}

