# JRE version: Java(TM) SE Runtime Environment (8.0_162-b12) (build 1.8.0_162-b12)
# Java VM: Java HotSpot(TM) 64-Bit Server VM (25.162-b12 mixed mode windows-amd64 compressed oops)
Heap:
 PSYoungGen      total 79360K, used 26706K [0x00000000eb300000, 0x00000000f1500000, 0x0000000100000000)
  eden space 62976K, 20% used [0x00000000eb300000,0x00000000ebfd7e18,0x00000000ef080000)
  from space 16384K, 82% used [0x00000000f0280000,0x00000000f0fbcb68,0x00000000f1280000)
  to   space 18432K, 0% used [0x00000000ef080000,0x00000000ef080000,0x00000000f0280000)
 ParOldGen       total 139776K, used 67029K [0x00000000c1800000, 0x00000000ca080000, 0x00000000eb300000)
  object space 139776K, 47% used [0x00000000c1800000,0x00000000c5975478,0x00000000ca080000)
 Metaspace       used 56928K, capacity 58211K, committed 58368K, reserved 1099776K
  class space    used 7897K, capacity 8158K, committed 8192K, reserved 1048576K
GC Heap History (10 events):
Event: 2260.486 GC heap before
{Heap before GC invocations=65 (full 3):
 PSYoungGen      total 83456K, used 83242K [0x00000000eb300000, 0x00000000f1d00000, 0x0000000100000000)
  eden space 71680K, 100% used [0x00000000eb300000,0x00000000ef900000,0x00000000ef900000)
  from space 11776K, 98% used [0x00000000efb00000,0x00000000f064aa98,0x00000000f0680000)
  to   space 18432K, 0% used [0x00000000f0b00000,0x00000000f0b00000,0x00000000f1d00000)
 ParOldGen       total 139776K, used 66981K [0x00000000c1800000, 0x00000000ca080000, 0x00000000eb300000)
  object space 139776K, 47% used [0x00000000c1800000,0x00000000c5969478,0x00000000ca080000)
 Metaspace       used 56403K, capacity 57557K, committed 57856K, reserved 1099776K
  class space    used 7871K, capacity 8146K, committed 8192K, reserved 1048576K
Event: 2260.496 GC heap after
Heap after GC invocations=65 (full 3):
 PSYoungGen      total 84992K, used 7630K [0x00000000eb300000, 0x00000000f1a00000, 0x0000000100000000)
  eden space 69632K, 0% used [0x00000000eb300000,0x00000000eb300000,0x00000000ef700000)
  from space 15360K, 49% used [0x00000000f0b00000,0x00000000f1273908,0x00000000f1a00000)
  to   space 17920K, 0% used [0x00000000ef700000,0x00000000ef700000,0x00000000f0880000)
 ParOldGen       total 139776K, used 66989K [0x00000000c1800000, 0x00000000ca080000, 0x00000000eb300000)
  object space 139776K, 47% used [0x00000000c1800000,0x00000000c596b478,0x00000000ca080000)
 Metaspace       used 56403K, capacity 57557K, committed 57856K, reserved 1099776K
  class space    used 7871K, capacity 8146K, committed 8192K, reserved 1048576K
}
Event: 2456.352 GC heap before
{Heap before GC invocations=66 (full 3):
 PSYoungGen      total 84992K, used 77262K [0x00000000eb300000, 0x00000000f1a00000, 0x0000000100000000)
  eden space 69632K, 100% used [0x00000000eb300000,0x00000000ef700000,0x00000000ef700000)
  from space 15360K, 49% used [0x00000000f0b00000,0x00000000f1273908,0x00000000f1a00000)
  to   space 17920K, 0% used [0x00000000ef700000,0x00000000ef700000,0x00000000f0880000)
 ParOldGen       total 139776K, used 66989K [0x00000000c1800000, 0x00000000ca080000, 0x00000000eb300000)
  object space 139776K, 47% used [0x00000000c1800000,0x00000000c596b478,0x00000000ca080000)
 Metaspace       used 56498K, capacity 57697K, committed 57856K, reserved 1099776K
  class space    used 7883K, capacity 8148K, committed 8192K, reserved 1048576K
Event: 2456.363 GC heap after
Heap after GC invocations=66 (full 3):
 PSYoungGen      total 75776K, used 7629K [0x00000000eb300000, 0x00000000f1780000, 0x0000000100000000)
  eden space 68096K, 0% used [0x00000000eb300000,0x00000000eb300000,0x00000000ef580000)
  from space 7680K, 99% used [0x00000000ef700000,0x00000000efe735a8,0x00000000efe80000)
  to   space 17408K, 0% used [0x00000000f0680000,0x00000000f0680000,0x00000000f1780000)
 ParOldGen       total 139776K, used 66997K [0x00000000c1800000, 0x00000000ca080000, 0x00000000eb300000)
  object space 139776K, 47% used [0x00000000c1800000,0x00000000c596d478,0x00000000ca080000)
 Metaspace       used 56498K, capacity 57697K, committed 57856K, reserved 1099776K
  class space    used 7883K, capacity 8148K, committed 8192K, reserved 1048576K
}
Event: 2615.392 GC heap before
{Heap before GC invocations=67 (full 3):
 PSYoungGen      total 75776K, used 75725K [0x00000000eb300000, 0x00000000f1780000, 0x0000000100000000)
  eden space 68096K, 100% used [0x00000000eb300000,0x00000000ef580000,0x00000000ef580000)
  from space 7680K, 99% used [0x00000000ef700000,0x00000000efe735a8,0x00000000efe80000)
  to   space 17408K, 0% used [0x00000000f0680000,0x00000000f0680000,0x00000000f1780000)
 ParOldGen       total 139776K, used 66997K [0x00000000c1800000, 0x00000000ca080000, 0x00000000eb300000)
  object space 139776K, 47% used [0x00000000c1800000,0x00000000c596d478,0x00000000ca080000)
 Metaspace       used 56607K, capacity 57839K, committed 58112K, reserved 1099776K
  class space    used 7889K, capacity 8150K, committed 8192K, reserved 1048576K
Event: 2615.404 GC heap after
Heap after GC invocations=67 (full 3):
 PSYoungGen      total 81408K, used 7375K [0x00000000eb300000, 0x00000000f1500000, 0x0000000100000000)
  eden space 66560K, 0% used [0x00000000eb300000,0x00000000eb300000,0x00000000ef400000)
  from space 14848K, 49% used [0x00000000f0680000,0x00000000f0db3ea0,0x00000000f1500000)
  to   space 16896K, 0% used [0x00000000ef400000,0x00000000ef400000,0x00000000f0480000)
 ParOldGen       total 139776K, used 67005K [0x00000000c1800000, 0x00000000ca080000, 0x00000000eb300000)
  object space 139776K, 47% used [0x00000000c1800000,0x00000000c596f478,0x00000000ca080000)
 Metaspace       used 56607K, capacity 57839K, committed 58112K, reserved 1099776K
  class space    used 7889K, capacity 8150K, committed 8192K, reserved 1048576K
}
Event: 2766.534 GC heap before
{Heap before GC invocations=68 (full 3):
 PSYoungGen      total 81408K, used 73935K [0x00000000eb300000, 0x00000000f1500000, 0x0000000100000000)
  eden space 66560K, 100% used [0x00000000eb300000,0x00000000ef400000,0x00000000ef400000)
  from space 14848K, 49% used [0x00000000f0680000,0x00000000f0db3ea0,0x00000000f1500000)
  to   space 16896K, 0% used [0x00000000ef400000,0x00000000ef400000,0x00000000f0480000)
 ParOldGen       total 139776K, used 67005K [0x00000000c1800000, 0x00000000ca080000, 0x00000000eb300000)
  object space 139776K, 47% used [0x00000000c1800000,0x00000000c596f478,0x00000000ca080000)
 Metaspace       used 56716K, capacity 57923K, committed 58112K, reserved 1099776K
  class space    used 7891K, capacity 8153K, committed 8192K, reserved 1048576K
Event: 2766.549 GC heap after
Heap after GC invocations=68 (full 3):
 PSYoungGen      total 73216K, used 7700K [0x00000000eb300000, 0x00000000f1280000, 0x0000000100000000)
  eden space 65024K, 0% used [0x00000000eb300000,0x00000000eb300000,0x00000000ef280000)
  from space 8192K, 94% used [0x00000000ef400000,0x00000000efb852d8,0x00000000efc00000)
  to   space 16384K, 0% used [0x00000000f0280000,0x00000000f0280000,0x00000000f1280000)
 ParOldGen       total 139776K, used 67013K [0x00000000c1800000, 0x00000000ca080000, 0x00000000eb300000)
  object space 139776K, 47% used [0x00000000c1800000,0x00000000c5971478,0x00000000ca080000)
 Metaspace       used 56716K, capacity 57923K, committed 58112K, reserved 1099776K
  class space    used 7891K, capacity 8153K, committed 8192K, reserved 1048576K
}
Event: 2854.588 GC heap before
{Heap before GC invocations=69 (full 3):
 PSYoungGen      total 73216K, used 72724K [0x00000000eb300000, 0x00000000f1280000, 0x0000000100000000)
  eden space 65024K, 100% used [0x00000000eb300000,0x00000000ef280000,0x00000000ef280000)
  from space 8192K, 94% used [0x00000000ef400000,0x00000000efb852d8,0x00000000efc00000)
  to   space 16384K, 0% used [0x00000000f0280000,0x00000000f0280000,0x00000000f1280000)
 ParOldGen       total 139776K, used 67013K [0x00000000c1800000, 0x00000000ca080000, 0x00000000eb300000)
  object space 139776K, 47% used [0x00000000c1800000,0x00000000c5971478,0x00000000ca080000)
 Metaspace       used 56866K, capacity 58135K, committed 58368K, reserved 1099776K
  class space    used 7895K, capacity 8156K, committed 8192K, reserved 1048576K
Event: 2854.604 GC heap after
Heap after GC invocations=69 (full 3):
 PSYoungGen      total 79360K, used 13554K [0x00000000eb300000, 0x00000000f1500000, 0x0000000100000000)
  eden space 62976K, 0% used [0x00000000eb300000,0x00000000eb300000,0x00000000ef080000)
  from space 16384K, 82% used [0x00000000f0280000,0x00000000f0fbcb68,0x00000000f1280000)
  to   space 18432K, 0% used [0x00000000ef080000,0x00000000ef080000,0x00000000f0280000)
 ParOldGen       total 139776K, used 67029K [0x00000000c1800000, 0x00000000ca080000, 0x00000000eb300000)
  object space 139776K, 47% used [0x00000000c1800000,0x00000000c5975478,0x00000000ca080000)
 Metaspace       used 56866K, capacity 58135K, committed 58368K, reserved 1099776K
  class space    used 7895K, capacity 8156K, committed 8192K, reserved 1048576K
}

