# JRE version: Java(TM) SE Runtime Environment (8.0_162-b12) (build 1.8.0_162-b12)
# Java VM: Java HotSpot(TM) 64-Bit Server VM (25.162-b12 mixed mode windows-amd64 compressed oops)
Heap:
 PSYoungGen      total 193024K, used 31009K [0x00000000eb300000, 0x00000000f9000000, 0x0000000100000000)
  eden space 166912K, 13% used [0x00000000eb300000,0x00000000ec8b27f0,0x00000000f5600000)
  from space 26112K, 33% used [0x00000000f7680000,0x00000000f7f15c40,0x00000000f9000000)
  to   space 29696K, 0% used [0x00000000f5600000,0x00000000f5600000,0x00000000f7300000)
 ParOldGen       total 140288K, used 71518K [0x00000000c1800000, 0x00000000ca100000, 0x00000000eb300000)
  object space 140288K, 50% used [0x00000000c1800000,0x00000000c5dd78c0,0x00000000ca100000)
 Metaspace       used 46861K, capacity 47913K, committed 48000K, reserved 1089536K
  class space    used 6781K, capacity 7035K, committed 7040K, reserved 1048576K
GC Heap History (10 events):
Event: 27.655 GC heap before
{Heap before GC invocations=15 (full 2):
 PSYoungGen      total 122368K, used 117617K [0x00000000eb300000, 0x00000000f4580000, 0x0000000100000000)
  eden space 101888K, 99% used [0x00000000eb300000,0x00000000f1675e18,0x00000000f1680000)
  from space 20480K, 77% used [0x00000000f2d00000,0x00000000f3c66760,0x00000000f4100000)
  to   space 23040K, 0% used [0x00000000f1680000,0x00000000f1680000,0x00000000f2d00000)
 ParOldGen       total 86528K, used 35701K [0x00000000c1800000, 0x00000000c6c80000, 0x00000000eb300000)
  object space 86528K, 41% used [0x00000000c1800000,0x00000000c3add708,0x00000000c6c80000)
 Metaspace       used 40937K, capacity 41843K, committed 42112K, reserved 1085440K
  class space    used 6008K, capacity 6230K, committed 6272K, reserved 1048576K
Event: 27.699 GC heap after
Heap after GC invocations=15 (full 2):
 PSYoungGen      total 124928K, used 22933K [0x00000000eb300000, 0x00000000f5d00000, 0x0000000100000000)
  eden space 101888K, 0% used [0x00000000eb300000,0x00000000eb300000,0x00000000f1680000)
  from space 23040K, 99% used [0x00000000f1680000,0x00000000f2ce54f8,0x00000000f2d00000)
  to   space 26624K, 0% used [0x00000000f4300000,0x00000000f4300000,0x00000000f5d00000)
 ParOldGen       total 86528K, used 59417K [0x00000000c1800000, 0x00000000c6c80000, 0x00000000eb300000)
  object space 86528K, 68% used [0x00000000c1800000,0x00000000c52065f8,0x00000000c6c80000)
 Metaspace       used 40937K, capacity 41843K, committed 42112K, reserved 1085440K
  class space    used 6008K, capacity 6230K, committed 6272K, reserved 1048576K
}
Event: 27.743 GC heap before
{Heap before GC invocations=16 (full 2):
 PSYoungGen      total 124928K, used 124694K [0x00000000eb300000, 0x00000000f5d00000, 0x0000000100000000)
  eden space 101888K, 99% used [0x00000000eb300000,0x00000000f16603b8,0x00000000f1680000)
  from space 23040K, 99% used [0x00000000f1680000,0x00000000f2ce54f8,0x00000000f2d00000)
  to   space 26624K, 0% used [0x00000000f4300000,0x00000000f4300000,0x00000000f5d00000)
 ParOldGen       total 86528K, used 59417K [0x00000000c1800000, 0x00000000c6c80000, 0x00000000eb300000)
  object space 86528K, 68% used [0x00000000c1800000,0x00000000c52065f8,0x00000000c6c80000)
 Metaspace       used 41050K, capacity 41927K, committed 42112K, reserved 1085440K
  class space    used 6022K, capacity 6234K, committed 6272K, reserved 1048576K
Event: 27.763 GC heap after
Heap after GC invocations=16 (full 2):
 PSYoungGen      total 142848K, used 26507K [0x00000000eb300000, 0x00000000f7d00000, 0x0000000100000000)
  eden space 116224K, 0% used [0x00000000eb300000,0x00000000eb300000,0x00000000f2480000)
  from space 26624K, 99% used [0x00000000f4300000,0x00000000f5ce2cd8,0x00000000f5d00000)
  to   space 31232K, 0% used [0x00000000f2480000,0x00000000f2480000,0x00000000f4300000)
 ParOldGen       total 86528K, used 63187K [0x00000000c1800000, 0x00000000c6c80000, 0x00000000eb300000)
  object space 86528K, 73% used [0x00000000c1800000,0x00000000c55b4d60,0x00000000c6c80000)
 Metaspace       used 41050K, capacity 41927K, committed 42112K, reserved 1085440K
  class space    used 6022K, capacity 6234K, committed 6272K, reserved 1048576K
}
Event: 27.814 GC heap before
{Heap before GC invocations=17 (full 2):
 PSYoungGen      total 142848K, used 142634K [0x00000000eb300000, 0x00000000f7d00000, 0x0000000100000000)
  eden space 116224K, 99% used [0x00000000eb300000,0x00000000f2467c38,0x00000000f2480000)
  from space 26624K, 99% used [0x00000000f4300000,0x00000000f5ce2cd8,0x00000000f5d00000)
  to   space 31232K, 0% used [0x00000000f2480000,0x00000000f2480000,0x00000000f4300000)
 ParOldGen       total 86528K, used 63910K [0x00000000c1800000, 0x00000000c6c80000, 0x00000000eb300000)
  object space 86528K, 73% used [0x00000000c1800000,0x00000000c5669a90,0x00000000c6c80000)
 Metaspace       used 41076K, capacity 41949K, committed 42112K, reserved 1085440K
  class space    used 6028K, capacity 6241K, committed 6272K, reserved 1048576K
Event: 27.829 GC heap after
Heap after GC invocations=17 (full 2):
 PSYoungGen      total 147456K, used 160K [0x00000000eb300000, 0x00000000f9500000, 0x0000000100000000)
  eden space 116224K, 0% used [0x00000000eb300000,0x00000000eb300000,0x00000000f2480000)
  from space 31232K, 0% used [0x00000000f2480000,0x00000000f24a8000,0x00000000f4300000)
  to   space 31232K, 0% used [0x00000000f7680000,0x00000000f7680000,0x00000000f9500000)
 ParOldGen       total 86528K, used 85905K [0x00000000c1800000, 0x00000000c6c80000, 0x00000000eb300000)
  object space 86528K, 99% used [0x00000000c1800000,0x00000000c6be4548,0x00000000c6c80000)
 Metaspace       used 41076K, capacity 41949K, committed 42112K, reserved 1085440K
  class space    used 6028K, capacity 6241K, committed 6272K, reserved 1048576K
}
Event: 27.829 GC heap before
{Heap before GC invocations=18 (full 3):
 PSYoungGen      total 147456K, used 160K [0x00000000eb300000, 0x00000000f9500000, 0x0000000100000000)
  eden space 116224K, 0% used [0x00000000eb300000,0x00000000eb300000,0x00000000f2480000)
  from space 31232K, 0% used [0x00000000f2480000,0x00000000f24a8000,0x00000000f4300000)
  to   space 31232K, 0% used [0x00000000f7680000,0x00000000f7680000,0x00000000f9500000)
 ParOldGen       total 86528K, used 85905K [0x00000000c1800000, 0x00000000c6c80000, 0x00000000eb300000)
  object space 86528K, 99% used [0x00000000c1800000,0x00000000c6be4548,0x00000000c6c80000)
 Metaspace       used 41076K, capacity 41949K, committed 42112K, reserved 1085440K
  class space    used 6028K, capacity 6241K, committed 6272K, reserved 1048576K
Event: 28.320 GC heap after
Heap after GC invocations=18 (full 3):
 PSYoungGen      total 147456K, used 0K [0x00000000eb300000, 0x00000000f9500000, 0x0000000100000000)
  eden space 116224K, 0% used [0x00000000eb300000,0x00000000eb300000,0x00000000f2480000)
  from space 31232K, 0% used [0x00000000f2480000,0x00000000f2480000,0x00000000f4300000)
  to   space 31232K, 0% used [0x00000000f7680000,0x00000000f7680000,0x00000000f9500000)
 ParOldGen       total 140288K, used 71496K [0x00000000c1800000, 0x00000000ca100000, 0x00000000eb300000)
  object space 140288K, 50% used [0x00000000c1800000,0x00000000c5dd2308,0x00000000ca100000)
 Metaspace       used 41076K, capacity 41949K, committed 42112K, reserved 1085440K
  class space    used 6028K, capacity 6241K, committed 6272K, reserved 1048576K
}
Event: 53.985 GC heap before
{Heap before GC invocations=19 (full 3):
 PSYoungGen      total 147456K, used 116224K [0x00000000eb300000, 0x00000000f9500000, 0x0000000100000000)
  eden space 116224K, 100% used [0x00000000eb300000,0x00000000f2480000,0x00000000f2480000)
  from space 31232K, 0% used [0x00000000f2480000,0x00000000f2480000,0x00000000f4300000)
  to   space 31232K, 0% used [0x00000000f7680000,0x00000000f7680000,0x00000000f9500000)
 ParOldGen       total 140288K, used 71510K [0x00000000c1800000, 0x00000000ca100000, 0x00000000eb300000)
  object space 140288K, 50% used [0x00000000c1800000,0x00000000c5dd58c0,0x00000000ca100000)
 Metaspace       used 46628K, capacity 47657K, committed 47744K, reserved 1089536K
  class space    used 6780K, capacity 7035K, committed 7040K, reserved 1048576K
Event: 53.995 GC heap after
Heap after GC invocations=19 (full 3):
 PSYoungGen      total 193024K, used 8791K [0x00000000eb300000, 0x00000000f9000000, 0x0000000100000000)
  eden space 166912K, 0% used [0x00000000eb300000,0x00000000eb300000,0x00000000f5600000)
  from space 26112K, 33% used [0x00000000f7680000,0x00000000f7f15c40,0x00000000f9000000)
  to   space 29696K, 0% used [0x00000000f5600000,0x00000000f5600000,0x00000000f7300000)
 ParOldGen       total 140288K, used 71518K [0x00000000c1800000, 0x00000000ca100000, 0x00000000eb300000)
  object space 140288K, 50% used [0x00000000c1800000,0x00000000c5dd78c0,0x00000000ca100000)
 Metaspace       used 46628K, capacity 47657K, committed 47744K, reserved 1089536K
  class space    used 6780K, capacity 7035K, committed 7040K, reserved 1048576K
}

