# JRE version: Java(TM) SE Runtime Environment (8.0_162-b12) (build 1.8.0_162-b12)
# Java VM: Java HotSpot(TM) 64-Bit Server VM (25.162-b12 mixed mode windows-amd64 compressed oops)
Heap:
 PSYoungGen      total 172032K, used 98443K [0x00000000eb300000, 0x00000000f9e80000, 0x0000000100000000)
  eden space 139776K, 70% used [0x00000000eb300000,0x00000000f1296c68,0x00000000f3b80000)
  from space 32256K, 1% used [0x00000000f3b80000,0x00000000f3c0c030,0x00000000f5b00000)
  to   space 32256K, 0% used [0x00000000f7f00000,0x00000000f7f00000,0x00000000f9e80000)
 ParOldGen       total 121344K, used 91200K [0x00000000c1800000, 0x00000000c8e80000, 0x00000000eb300000)
  object space 121344K, 75% used [0x00000000c1800000,0x00000000c7110300,0x00000000c8e80000)
 Metaspace       used 54597K, capacity 55589K, committed 55936K, reserved 1097728K
  class space    used 7543K, capacity 7783K, committed 7808K, reserved 1048576K
GC Heap History (10 events):
Event: 37.612 GC heap before
{Heap before GC invocations=21 (full 2):
 PSYoungGen      total 117760K, used 101027K [0x00000000eb300000, 0x00000000f4c00000, 0x0000000100000000)
  eden space 83968K, 99% used [0x00000000eb300000,0x00000000f04f7bc0,0x00000000f0500000)
  from space 33792K, 50% used [0x00000000f2b00000,0x00000000f3bb1230,0x00000000f4c00000)
  to   space 36352K, 0% used [0x00000000f0500000,0x00000000f0500000,0x00000000f2880000)
 ParOldGen       total 121344K, used 65302K [0x00000000c1800000, 0x00000000c8e80000, 0x00000000eb300000)
  object space 121344K, 53% used [0x00000000c1800000,0x00000000c57c58b0,0x00000000c8e80000)
 Metaspace       used 41055K, capacity 41913K, committed 42112K, reserved 1085440K
  class space    used 6018K, capacity 6231K, committed 6272K, reserved 1048576K
Event: 37.621 GC heap after
Heap after GC invocations=21 (full 2):
 PSYoungGen      total 120320K, used 9726K [0x00000000eb300000, 0x00000000f6200000, 0x0000000100000000)
  eden space 83968K, 0% used [0x00000000eb300000,0x00000000eb300000,0x00000000f0500000)
  from space 36352K, 26% used [0x00000000f0500000,0x00000000f0e7f878,0x00000000f2880000)
  to   space 35328K, 0% used [0x00000000f3f80000,0x00000000f3f80000,0x00000000f6200000)
 ParOldGen       total 121344K, used 66289K [0x00000000c1800000, 0x00000000c8e80000, 0x00000000eb300000)
  object space 121344K, 54% used [0x00000000c1800000,0x00000000c58bc5d0,0x00000000c8e80000)
 Metaspace       used 41055K, capacity 41913K, committed 42112K, reserved 1085440K
  class space    used 6018K, capacity 6231K, committed 6272K, reserved 1048576K
}
Event: 37.651 GC heap before
{Heap before GC invocations=22 (full 2):
 PSYoungGen      total 120320K, used 93694K [0x00000000eb300000, 0x00000000f6200000, 0x0000000100000000)
  eden space 83968K, 100% used [0x00000000eb300000,0x00000000f0500000,0x00000000f0500000)
  from space 36352K, 26% used [0x00000000f0500000,0x00000000f0e7f878,0x00000000f2880000)
  to   space 35328K, 0% used [0x00000000f3f80000,0x00000000f3f80000,0x00000000f6200000)
 ParOldGen       total 121344K, used 66941K [0x00000000c1800000, 0x00000000c8e80000, 0x00000000eb300000)
  object space 121344K, 55% used [0x00000000c1800000,0x00000000c595f798,0x00000000c8e80000)
 Metaspace       used 41145K, capacity 41997K, committed 42112K, reserved 1085440K
  class space    used 6030K, capacity 6235K, committed 6272K, reserved 1048576K
Event: 37.660 GC heap after
Heap after GC invocations=22 (full 2):
 PSYoungGen      total 143872K, used 160K [0x00000000eb300000, 0x00000000f6500000, 0x0000000100000000)
  eden space 108544K, 0% used [0x00000000eb300000,0x00000000eb300000,0x00000000f1d00000)
  from space 35328K, 0% used [0x00000000f3f80000,0x00000000f3fa8000,0x00000000f6200000)
  to   space 35328K, 0% used [0x00000000f1d00000,0x00000000f1d00000,0x00000000f3f80000)
 ParOldGen       total 121344K, used 82668K [0x00000000c1800000, 0x00000000c8e80000, 0x00000000eb300000)
  object space 121344K, 68% used [0x00000000c1800000,0x00000000c68bb028,0x00000000c8e80000)
 Metaspace       used 41145K, capacity 41997K, committed 42112K, reserved 1085440K
  class space    used 6030K, capacity 6235K, committed 6272K, reserved 1048576K
}
Event: 41.919 GC heap before
{Heap before GC invocations=23 (full 2):
 PSYoungGen      total 143872K, used 108704K [0x00000000eb300000, 0x00000000f6500000, 0x0000000100000000)
  eden space 108544K, 100% used [0x00000000eb300000,0x00000000f1d00000,0x00000000f1d00000)
  from space 35328K, 0% used [0x00000000f3f80000,0x00000000f3fa8000,0x00000000f6200000)
  to   space 35328K, 0% used [0x00000000f1d00000,0x00000000f1d00000,0x00000000f3f80000)
 ParOldGen       total 121344K, used 82677K [0x00000000c1800000, 0x00000000c8e80000, 0x00000000eb300000)
  object space 121344K, 68% used [0x00000000c1800000,0x00000000c68bd4f8,0x00000000c8e80000)
 Metaspace       used 43741K, capacity 44793K, committed 45056K, reserved 1087488K
  class space    used 6369K, capacity 6619K, committed 6656K, reserved 1048576K
Event: 41.927 GC heap after
Heap after GC invocations=23 (full 2):
 PSYoungGen      total 143872K, used 6408K [0x00000000eb300000, 0x00000000f8100000, 0x0000000100000000)
  eden space 108544K, 0% used [0x00000000eb300000,0x00000000eb300000,0x00000000f1d00000)
  from space 35328K, 18% used [0x00000000f1d00000,0x00000000f2342100,0x00000000f3f80000)
  to   space 34304K, 0% used [0x00000000f5f80000,0x00000000f5f80000,0x00000000f8100000)
 ParOldGen       total 121344K, used 82709K [0x00000000c1800000, 0x00000000c8e80000, 0x00000000eb300000)
  object space 121344K, 68% used [0x00000000c1800000,0x00000000c68c54f8,0x00000000c8e80000)
 Metaspace       used 43741K, capacity 44793K, committed 45056K, reserved 1087488K
  class space    used 6369K, capacity 6619K, committed 6656K, reserved 1048576K
}
Event: 47.752 GC heap before
{Heap before GC invocations=24 (full 2):
 PSYoungGen      total 143872K, used 114952K [0x00000000eb300000, 0x00000000f8100000, 0x0000000100000000)
  eden space 108544K, 100% used [0x00000000eb300000,0x00000000f1d00000,0x00000000f1d00000)
  from space 35328K, 18% used [0x00000000f1d00000,0x00000000f2342100,0x00000000f3f80000)
  to   space 34304K, 0% used [0x00000000f5f80000,0x00000000f5f80000,0x00000000f8100000)
 ParOldGen       total 121344K, used 82709K [0x00000000c1800000, 0x00000000c8e80000, 0x00000000eb300000)
  object space 121344K, 68% used [0x00000000c1800000,0x00000000c68c54f8,0x00000000c8e80000)
 Metaspace       used 52950K, capacity 53959K, committed 54144K, reserved 1095680K
  class space    used 7492K, capacity 7745K, committed 7808K, reserved 1048576K
Event: 47.768 GC heap after
Heap after GC invocations=24 (full 2):
 PSYoungGen      total 167424K, used 10615K [0x00000000eb300000, 0x00000000f7a80000, 0x0000000100000000)
  eden space 139776K, 0% used [0x00000000eb300000,0x00000000eb300000,0x00000000f3b80000)
  from space 27648K, 38% used [0x00000000f5f80000,0x00000000f69dde30,0x00000000f7a80000)
  to   space 32256K, 0% used [0x00000000f3b80000,0x00000000f3b80000,0x00000000f5b00000)
 ParOldGen       total 121344K, used 87413K [0x00000000c1800000, 0x00000000c8e80000, 0x00000000eb300000)
  object space 121344K, 72% used [0x00000000c1800000,0x00000000c6d5d7d8,0x00000000c8e80000)
 Metaspace       used 52950K, capacity 53959K, committed 54144K, reserved 1095680K
  class space    used 7492K, capacity 7745K, committed 7808K, reserved 1048576K
}
Event: 290.701 GC heap before
{Heap before GC invocations=25 (full 2):
 PSYoungGen      total 167424K, used 150391K [0x00000000eb300000, 0x00000000f7a80000, 0x0000000100000000)
  eden space 139776K, 100% used [0x00000000eb300000,0x00000000f3b80000,0x00000000f3b80000)
  from space 27648K, 38% used [0x00000000f5f80000,0x00000000f69dde30,0x00000000f7a80000)
  to   space 32256K, 0% used [0x00000000f3b80000,0x00000000f3b80000,0x00000000f5b00000)
 ParOldGen       total 121344K, used 87413K [0x00000000c1800000, 0x00000000c8e80000, 0x00000000eb300000)
  object space 121344K, 72% used [0x00000000c1800000,0x00000000c6d5d7d8,0x00000000c8e80000)
 Metaspace       used 53863K, capacity 54871K, committed 55168K, reserved 1097728K
  class space    used 7494K, capacity 7745K, committed 7808K, reserved 1048576K
Event: 290.713 GC heap after
Heap after GC invocations=25 (full 2):
 PSYoungGen      total 172032K, used 560K [0x00000000eb300000, 0x00000000f9e80000, 0x0000000100000000)
  eden space 139776K, 0% used [0x00000000eb300000,0x00000000eb300000,0x00000000f3b80000)
  from space 32256K, 1% used [0x00000000f3b80000,0x00000000f3c0c030,0x00000000f5b00000)
  to   space 32256K, 0% used [0x00000000f7f00000,0x00000000f7f00000,0x00000000f9e80000)
 ParOldGen       total 121344K, used 91200K [0x00000000c1800000, 0x00000000c8e80000, 0x00000000eb300000)
  object space 121344K, 75% used [0x00000000c1800000,0x00000000c7110300,0x00000000c8e80000)
 Metaspace       used 53863K, capacity 54871K, committed 55168K, reserved 1097728K
  class space    used 7494K, capacity 7745K, committed 7808K, reserved 1048576K
}

