# JRE version: Java(TM) SE Runtime Environment (8.0_162-b12) (build 1.8.0_162-b12)
# Java VM: Java HotSpot(TM) 64-Bit Server VM (25.162-b12 mixed mode windows-amd64 compressed oops)
Heap:
 PSYoungGen      total 171008K, used 21875K [0x00000000eb300000, 0x00000000f8a00000, 0x0000000100000000)
  eden space 134656K, 4% used [0x00000000eb300000,0x00000000eb849130,0x00000000f3680000)
  from space 36352K, 45% used [0x00000000f3680000,0x00000000f4693c40,0x00000000f5a00000)
  to   space 35840K, 0% used [0x00000000f6700000,0x00000000f6700000,0x00000000f8a00000)
 ParOldGen       total 150016K, used 71867K [0x00000000c1800000, 0x00000000caa80000, 0x00000000eb300000)
  object space 150016K, 47% used [0x00000000c1800000,0x00000000c5e2ec90,0x00000000caa80000)
 Metaspace       used 53577K, capacity 54607K, committed 54912K, reserved 1095680K
  class space    used 7492K, capacity 7745K, committed 7808K, reserved 1048576K
GC Heap History (10 events):
Event: 29.291 GC heap before
{Heap before GC invocations=16 (full 3):
 PSYoungGen      total 118784K, used 22507K [0x00000000eb300000, 0x00000000f6f00000, 0x0000000100000000)
  eden space 96256K, 0% used [0x00000000eb300000,0x00000000eb300000,0x00000000f1100000)
  from space 22528K, 99% used [0x00000000f1100000,0x00000000f26fac78,0x00000000f2700000)
  to   space 38912K, 0% used [0x00000000f4900000,0x00000000f4900000,0x00000000f6f00000)
 ParOldGen       total 86016K, used 70422K [0x00000000c1800000, 0x00000000c6c00000, 0x00000000eb300000)
  object space 86016K, 81% used [0x00000000c1800000,0x00000000c5cc5a58,0x00000000c6c00000)
 Metaspace       used 40905K, capacity 41831K, committed 42112K, reserved 1085440K
  class space    used 6003K, capacity 6226K, committed 6272K, reserved 1048576K
Event: 29.767 GC heap after
Heap after GC invocations=16 (full 3):
 PSYoungGen      total 118784K, used 0K [0x00000000eb300000, 0x00000000f6f00000, 0x0000000100000000)
  eden space 96256K, 0% used [0x00000000eb300000,0x00000000eb300000,0x00000000f1100000)
  from space 22528K, 0% used [0x00000000f1100000,0x00000000f1100000,0x00000000f2700000)
  to   space 38912K, 0% used [0x00000000f4900000,0x00000000f4900000,0x00000000f6f00000)
 ParOldGen       total 150016K, used 71659K [0x00000000c1800000, 0x00000000caa80000, 0x00000000eb300000)
  object space 150016K, 47% used [0x00000000c1800000,0x00000000c5dfad08,0x00000000caa80000)
 Metaspace       used 40905K, capacity 41831K, committed 42112K, reserved 1085440K
  class space    used 6003K, capacity 6226K, committed 6272K, reserved 1048576K
}
Event: 29.822 GC heap before
{Heap before GC invocations=17 (full 3):
 PSYoungGen      total 118784K, used 96172K [0x00000000eb300000, 0x00000000f6f00000, 0x0000000100000000)
  eden space 96256K, 99% used [0x00000000eb300000,0x00000000f10eb3a8,0x00000000f1100000)
  from space 22528K, 0% used [0x00000000f1100000,0x00000000f1100000,0x00000000f2700000)
  to   space 38912K, 0% used [0x00000000f4900000,0x00000000f4900000,0x00000000f6f00000)
 ParOldGen       total 150016K, used 71659K [0x00000000c1800000, 0x00000000caa80000, 0x00000000eb300000)
  object space 150016K, 47% used [0x00000000c1800000,0x00000000c5dfad08,0x00000000caa80000)
 Metaspace       used 41034K, capacity 41911K, committed 42112K, reserved 1085440K
  class space    used 6019K, capacity 6230K, committed 6272K, reserved 1048576K
Event: 29.825 GC heap after
Heap after GC invocations=17 (full 3):
 PSYoungGen      total 151552K, used 247K [0x00000000eb300000, 0x00000000f6e00000, 0x0000000100000000)
  eden space 113664K, 0% used [0x00000000eb300000,0x00000000eb300000,0x00000000f2200000)
  from space 37888K, 0% used [0x00000000f4900000,0x00000000f493dda0,0x00000000f6e00000)
  to   space 38912K, 0% used [0x00000000f2200000,0x00000000f2200000,0x00000000f4800000)
 ParOldGen       total 150016K, used 71659K [0x00000000c1800000, 0x00000000caa80000, 0x00000000eb300000)
  object space 150016K, 47% used [0x00000000c1800000,0x00000000c5dfad08,0x00000000caa80000)
 Metaspace       used 41034K, capacity 41911K, committed 42112K, reserved 1085440K
  class space    used 6019K, capacity 6230K, committed 6272K, reserved 1048576K
}
Event: 29.875 GC heap before
{Heap before GC invocations=18 (full 3):
 PSYoungGen      total 151552K, used 113900K [0x00000000eb300000, 0x00000000f6e00000, 0x0000000100000000)
  eden space 113664K, 99% used [0x00000000eb300000,0x00000000f21fd3c8,0x00000000f2200000)
  from space 37888K, 0% used [0x00000000f4900000,0x00000000f493dda0,0x00000000f6e00000)
  to   space 38912K, 0% used [0x00000000f2200000,0x00000000f2200000,0x00000000f4800000)
 ParOldGen       total 150016K, used 71832K [0x00000000c1800000, 0x00000000caa80000, 0x00000000eb300000)
  object space 150016K, 47% used [0x00000000c1800000,0x00000000c5e261d0,0x00000000caa80000)
 Metaspace       used 41138K, capacity 42013K, committed 42112K, reserved 1085440K
  class space    used 6035K, capacity 6241K, committed 6272K, reserved 1048576K
Event: 29.877 GC heap after
Heap after GC invocations=18 (full 3):
 PSYoungGen      total 152576K, used 365K [0x00000000eb300000, 0x00000000f8580000, 0x0000000100000000)
  eden space 113664K, 0% used [0x00000000eb300000,0x00000000eb300000,0x00000000f2200000)
  from space 38912K, 0% used [0x00000000f2200000,0x00000000f225b480,0x00000000f4800000)
  to   space 38400K, 0% used [0x00000000f6000000,0x00000000f6000000,0x00000000f8580000)
 ParOldGen       total 150016K, used 71832K [0x00000000c1800000, 0x00000000caa80000, 0x00000000eb300000)
  object space 150016K, 47% used [0x00000000c1800000,0x00000000c5e261d0,0x00000000caa80000)
 Metaspace       used 41138K, capacity 42013K, committed 42112K, reserved 1085440K
  class space    used 6035K, capacity 6241K, committed 6272K, reserved 1048576K
}
Event: 34.704 GC heap before
{Heap before GC invocations=19 (full 3):
 PSYoungGen      total 152576K, used 114029K [0x00000000eb300000, 0x00000000f8580000, 0x0000000100000000)
  eden space 113664K, 100% used [0x00000000eb300000,0x00000000f2200000,0x00000000f2200000)
  from space 38912K, 0% used [0x00000000f2200000,0x00000000f225b480,0x00000000f4800000)
  to   space 38400K, 0% used [0x00000000f6000000,0x00000000f6000000,0x00000000f8580000)
 ParOldGen       total 150016K, used 71843K [0x00000000c1800000, 0x00000000caa80000, 0x00000000eb300000)
  object space 150016K, 47% used [0x00000000c1800000,0x00000000c5e28c90,0x00000000caa80000)
 Metaspace       used 46150K, capacity 47161K, committed 47488K, reserved 1089536K
  class space    used 6759K, capacity 7003K, committed 7040K, reserved 1048576K
Event: 34.713 GC heap after
Heap after GC invocations=19 (full 3):
 PSYoungGen      total 164864K, used 9630K [0x00000000eb300000, 0x00000000f7d80000, 0x0000000100000000)
  eden space 134656K, 0% used [0x00000000eb300000,0x00000000eb300000,0x00000000f3680000)
  from space 30208K, 31% used [0x00000000f6000000,0x00000000f6967a10,0x00000000f7d80000)
  to   space 36352K, 0% used [0x00000000f3680000,0x00000000f3680000,0x00000000f5a00000)
 ParOldGen       total 150016K, used 71851K [0x00000000c1800000, 0x00000000caa80000, 0x00000000eb300000)
  object space 150016K, 47% used [0x00000000c1800000,0x00000000c5e2ac90,0x00000000caa80000)
 Metaspace       used 46150K, capacity 47161K, committed 47488K, reserved 1089536K
  class space    used 6759K, capacity 7003K, committed 7040K, reserved 1048576K
}
Event: 116.080 GC heap before
{Heap before GC invocations=20 (full 3):
 PSYoungGen      total 164864K, used 144286K [0x00000000eb300000, 0x00000000f7d80000, 0x0000000100000000)
  eden space 134656K, 100% used [0x00000000eb300000,0x00000000f3680000,0x00000000f3680000)
  from space 30208K, 31% used [0x00000000f6000000,0x00000000f6967a10,0x00000000f7d80000)
  to   space 36352K, 0% used [0x00000000f3680000,0x00000000f3680000,0x00000000f5a00000)
 ParOldGen       total 150016K, used 71851K [0x00000000c1800000, 0x00000000caa80000, 0x00000000eb300000)
  object space 150016K, 47% used [0x00000000c1800000,0x00000000c5e2ac90,0x00000000caa80000)
 Metaspace       used 53540K, capacity 54543K, committed 54912K, reserved 1095680K
  class space    used 7492K, capacity 7745K, committed 7808K, reserved 1048576K
Event: 116.094 GC heap after
Heap after GC invocations=20 (full 3):
 PSYoungGen      total 171008K, used 16463K [0x00000000eb300000, 0x00000000f8a00000, 0x0000000100000000)
  eden space 134656K, 0% used [0x00000000eb300000,0x00000000eb300000,0x00000000f3680000)
  from space 36352K, 45% used [0x00000000f3680000,0x00000000f4693c40,0x00000000f5a00000)
  to   space 35840K, 0% used [0x00000000f6700000,0x00000000f6700000,0x00000000f8a00000)
 ParOldGen       total 150016K, used 71867K [0x00000000c1800000, 0x00000000caa80000, 0x00000000eb300000)
  object space 150016K, 47% used [0x00000000c1800000,0x00000000c5e2ec90,0x00000000caa80000)
 Metaspace       used 53540K, capacity 54543K, committed 54912K, reserved 1095680K
  class space    used 7492K, capacity 7745K, committed 7808K, reserved 1048576K
}

