# JRE version: Java(TM) SE Runtime Environment (8.0_162-b12) (build 1.8.0_162-b12)
# Java VM: Java HotSpot(TM) 64-Bit Server VM (25.162-b12 mixed mode windows-amd64 compressed oops)
Heap:
 PSYoungGen      total 134656K, used 14611K [0x00000000eb300000, 0x00000000f4b80000, 0x0000000100000000)
  eden space 119296K, 6% used [0x00000000eb300000,0x00000000ebadd548,0x00000000f2780000)
  from space 15360K, 42% used [0x00000000f3c80000,0x00000000f42e79e8,0x00000000f4b80000)
  to   space 18432K, 0% used [0x00000000f2780000,0x00000000f2780000,0x00000000f3980000)
 ParOldGen       total 149504K, used 72703K [0x00000000c1800000, 0x00000000caa00000, 0x00000000eb300000)
  object space 149504K, 48% used [0x00000000c1800000,0x00000000c5effdd0,0x00000000caa00000)
 Metaspace       used 43544K, capacity 44570K, committed 44672K, reserved 1087488K
  class space    used 6234K, capacity 6455K, committed 6528K, reserved 1048576K
GC Heap History (10 events):
Event: 214.648 GC heap before
{Heap before GC invocations=19 (full 3):
 PSYoungGen      total 120832K, used 6035K [0x00000000eb300000, 0x00000000f4600000, 0x0000000100000000)
  eden space 99840K, 0% used [0x00000000eb300000,0x00000000eb300000,0x00000000f1480000)
  from space 20992K, 28% used [0x00000000f2880000,0x00000000f2e64ec8,0x00000000f3d00000)
  to   space 20480K, 0% used [0x00000000f1480000,0x00000000f1480000,0x00000000f2880000)
 ParOldGen       total 80896K, used 74535K [0x00000000c1800000, 0x00000000c6700000, 0x00000000eb300000)
  object space 80896K, 92% used [0x00000000c1800000,0x00000000c60c9cb0,0x00000000c6700000)
 Metaspace       used 41185K, capacity 41990K, committed 42112K, reserved 1085440K
  class space    used 6041K, capacity 6219K, committed 6272K, reserved 1048576K
Event: 215.216 GC heap after
Heap after GC invocations=19 (full 3):
 PSYoungGen      total 120832K, used 0K [0x00000000eb300000, 0x00000000f4600000, 0x0000000100000000)
  eden space 99840K, 0% used [0x00000000eb300000,0x00000000eb300000,0x00000000f1480000)
  from space 20992K, 0% used [0x00000000f2880000,0x00000000f2880000,0x00000000f3d00000)
  to   space 20480K, 0% used [0x00000000f1480000,0x00000000f1480000,0x00000000f2880000)
 ParOldGen       total 149504K, used 72687K [0x00000000c1800000, 0x00000000caa00000, 0x00000000eb300000)
  object space 149504K, 48% used [0x00000000c1800000,0x00000000c5efbdd0,0x00000000caa00000)
 Metaspace       used 41185K, capacity 41990K, committed 42112K, reserved 1085440K
  class space    used 6041K, capacity 6219K, committed 6272K, reserved 1048576K
}
Event: 215.256 GC heap before
{Heap before GC invocations=20 (full 3):
 PSYoungGen      total 120832K, used 99744K [0x00000000eb300000, 0x00000000f4600000, 0x0000000100000000)
  eden space 99840K, 99% used [0x00000000eb300000,0x00000000f14681c8,0x00000000f1480000)
  from space 20992K, 0% used [0x00000000f2880000,0x00000000f2880000,0x00000000f3d00000)
  to   space 20480K, 0% used [0x00000000f1480000,0x00000000f1480000,0x00000000f2880000)
 ParOldGen       total 149504K, used 72687K [0x00000000c1800000, 0x00000000caa00000, 0x00000000eb300000)
  object space 149504K, 48% used [0x00000000c1800000,0x00000000c5efbdd0,0x00000000caa00000)
 Metaspace       used 41206K, capacity 42074K, committed 42368K, reserved 1085440K
  class space    used 6046K, capacity 6225K, committed 6272K, reserved 1048576K
Event: 215.258 GC heap after
Heap after GC invocations=20 (full 3):
 PSYoungGen      total 120320K, used 404K [0x00000000eb300000, 0x00000000f4400000, 0x0000000100000000)
  eden space 99840K, 0% used [0x00000000eb300000,0x00000000eb300000,0x00000000f1480000)
  from space 20480K, 1% used [0x00000000f1480000,0x00000000f14e5200,0x00000000f2880000)
  to   space 20480K, 0% used [0x00000000f3000000,0x00000000f3000000,0x00000000f4400000)
 ParOldGen       total 149504K, used 72687K [0x00000000c1800000, 0x00000000caa00000, 0x00000000eb300000)
  object space 149504K, 48% used [0x00000000c1800000,0x00000000c5efbdd0,0x00000000caa00000)
 Metaspace       used 41206K, capacity 42074K, committed 42368K, reserved 1085440K
  class space    used 6046K, capacity 6225K, committed 6272K, reserved 1048576K
}
Event: 215.283 GC heap before
{Heap before GC invocations=21 (full 3):
 PSYoungGen      total 120320K, used 100094K [0x00000000eb300000, 0x00000000f4400000, 0x0000000100000000)
  eden space 99840K, 99% used [0x00000000eb300000,0x00000000f145a708,0x00000000f1480000)
  from space 20480K, 1% used [0x00000000f1480000,0x00000000f14e5200,0x00000000f2880000)
  to   space 20480K, 0% used [0x00000000f3000000,0x00000000f3000000,0x00000000f4400000)
 ParOldGen       total 149504K, used 72687K [0x00000000c1800000, 0x00000000caa00000, 0x00000000eb300000)
  object space 149504K, 48% used [0x00000000c1800000,0x00000000c5efbdd0,0x00000000caa00000)
 Metaspace       used 41206K, capacity 42074K, committed 42368K, reserved 1085440K
  class space    used 6046K, capacity 6225K, committed 6272K, reserved 1048576K
Event: 215.285 GC heap after
Heap after GC invocations=21 (full 3):
 PSYoungGen      total 128000K, used 459K [0x00000000eb300000, 0x00000000f4c00000, 0x0000000100000000)
  eden space 107520K, 0% used [0x00000000eb300000,0x00000000eb300000,0x00000000f1c00000)
  from space 20480K, 2% used [0x00000000f3000000,0x00000000f3072fe0,0x00000000f4400000)
  to   space 20480K, 0% used [0x00000000f1c00000,0x00000000f1c00000,0x00000000f3000000)
 ParOldGen       total 149504K, used 72687K [0x00000000c1800000, 0x00000000caa00000, 0x00000000eb300000)
  object space 149504K, 48% used [0x00000000c1800000,0x00000000c5efbdd0,0x00000000caa00000)
 Metaspace       used 41206K, capacity 42074K, committed 42368K, reserved 1085440K
  class space    used 6046K, capacity 6225K, committed 6272K, reserved 1048576K
}
Event: 304.783 GC heap before
{Heap before GC invocations=22 (full 3):
 PSYoungGen      total 128000K, used 107979K [0x00000000eb300000, 0x00000000f4c00000, 0x0000000100000000)
  eden space 107520K, 100% used [0x00000000eb300000,0x00000000f1c00000,0x00000000f1c00000)
  from space 20480K, 2% used [0x00000000f3000000,0x00000000f3072fe0,0x00000000f4400000)
  to   space 20480K, 0% used [0x00000000f1c00000,0x00000000f1c00000,0x00000000f3000000)
 ParOldGen       total 149504K, used 72687K [0x00000000c1800000, 0x00000000caa00000, 0x00000000eb300000)
  object space 149504K, 48% used [0x00000000c1800000,0x00000000c5efbdd0,0x00000000caa00000)
 Metaspace       used 42624K, capacity 43526K, committed 43776K, reserved 1087488K
  class space    used 6172K, capacity 6375K, committed 6400K, reserved 1048576K
Event: 304.786 GC heap after
Heap after GC invocations=22 (full 3):
 PSYoungGen      total 128000K, used 4289K [0x00000000eb300000, 0x00000000f4f80000, 0x0000000100000000)
  eden space 107520K, 0% used [0x00000000eb300000,0x00000000eb300000,0x00000000f1c00000)
  from space 20480K, 20% used [0x00000000f1c00000,0x00000000f2030448,0x00000000f3000000)
  to   space 19456K, 0% used [0x00000000f3c80000,0x00000000f3c80000,0x00000000f4f80000)
 ParOldGen       total 149504K, used 72695K [0x00000000c1800000, 0x00000000caa00000, 0x00000000eb300000)
  object space 149504K, 48% used [0x00000000c1800000,0x00000000c5efddd0,0x00000000caa00000)
 Metaspace       used 42624K, capacity 43526K, committed 43776K, reserved 1087488K
  class space    used 6172K, capacity 6375K, committed 6400K, reserved 1048576K
}
Event: 489.455 GC heap before
{Heap before GC invocations=23 (full 3):
 PSYoungGen      total 128000K, used 111809K [0x00000000eb300000, 0x00000000f4f80000, 0x0000000100000000)
  eden space 107520K, 100% used [0x00000000eb300000,0x00000000f1c00000,0x00000000f1c00000)
  from space 20480K, 20% used [0x00000000f1c00000,0x00000000f2030448,0x00000000f3000000)
  to   space 19456K, 0% used [0x00000000f3c80000,0x00000000f3c80000,0x00000000f4f80000)
 ParOldGen       total 149504K, used 72695K [0x00000000c1800000, 0x00000000caa00000, 0x00000000eb300000)
  object space 149504K, 48% used [0x00000000c1800000,0x00000000c5efddd0,0x00000000caa00000)
 Metaspace       used 43513K, capacity 44506K, committed 44672K, reserved 1087488K
  class space    used 6233K, capacity 6455K, committed 6528K, reserved 1048576K
Event: 489.465 GC heap after
Heap after GC invocations=23 (full 3):
 PSYoungGen      total 134656K, used 6558K [0x00000000eb300000, 0x00000000f4b80000, 0x0000000100000000)
  eden space 119296K, 0% used [0x00000000eb300000,0x00000000eb300000,0x00000000f2780000)
  from space 15360K, 42% used [0x00000000f3c80000,0x00000000f42e79e8,0x00000000f4b80000)
  to   space 18432K, 0% used [0x00000000f2780000,0x00000000f2780000,0x00000000f3980000)
 ParOldGen       total 149504K, used 72703K [0x00000000c1800000, 0x00000000caa00000, 0x00000000eb300000)
  object space 149504K, 48% used [0x00000000c1800000,0x00000000c5effdd0,0x00000000caa00000)
 Metaspace       used 43513K, capacity 44506K, committed 44672K, reserved 1087488K
  class space    used 6233K, capacity 6455K, committed 6528K, reserved 1048576K
}

